<?xml version="1.0" encoding="UTF-8"?>
<!-- Generated by org.testng.reporters.JUnitReportReporter -->
<testsuite hostname="shreejits-mbp.cambridge.ibm.com" name="com.ibmwatsonhealth.devopsservices.swaggertestasset.TestNGTestSuite" tests="40" failures="0" timestamp="21 Jun 2016 20:42:16 GMT" time="2.582" errors="0">
  <testcase name="executeRestfulTest" time="0.000" classname="com.ibmwatsonhealth.devopsservices.swaggertestasset.TestNGTestSuite"/>
  <testcase name="executeRestfulTest" time="0.072" classname="com.ibmwatsonhealth.devopsservices.swaggertestasset.TestNGTestSuite"/>
  <testcase name="executeRestfulTest" time="0.057" classname="com.ibmwatsonhealth.devopsservices.swaggertestasset.TestNGTestSuite"/>
  <testcase name="executeRestfulTest" time="0.066" classname="com.ibmwatsonhealth.devopsservices.swaggertestasset.TestNGTestSuite"/>
  <testcase name="executeRestfulTest" time="0.000" classname="com.ibmwatsonhealth.devopsservices.swaggertestasset.TestNGTestSuite"/>
  <testcase name="executeRestfulTest" time="0.000" classname="com.ibmwatsonhealth.devopsservices.swaggertestasset.TestNGTestSuite"/>
  <testcase name="executeRestfulTest" time="0.074" classname="com.ibmwatsonhealth.devopsservices.swaggertestasset.TestNGTestSuite"/>
  <testcase name="executeRestfulTest" time="0.081" classname="com.ibmwatsonhealth.devopsservices.swaggertestasset.TestNGTestSuite"/>
  <testcase name="executeRestfulTest" time="0.054" classname="com.ibmwatsonhealth.devopsservices.swaggertestasset.TestNGTestSuite"/>
  <testcase name="executeRestfulTest" time="0.000" classname="com.ibmwatsonhealth.devopsservices.swaggertestasset.TestNGTestSuite"/>
  <testcase name="executeRestfulTest" time="0.078" classname="com.ibmwatsonhealth.devopsservices.swaggertestasset.TestNGTestSuite"/>
  <testcase name="executeRestfulTest" time="0.000" classname="com.ibmwatsonhealth.devopsservices.swaggertestasset.TestNGTestSuite"/>
  <testcase name="executeRestfulTest" time="0.000" classname="com.ibmwatsonhealth.devopsservices.swaggertestasset.TestNGTestSuite"/>
  <testcase name="executeRestfulTest" time="0.000" classname="com.ibmwatsonhealth.devopsservices.swaggertestasset.TestNGTestSuite"/>
  <testcase name="executeRestfulTest" time="0.072" classname="com.ibmwatsonhealth.devopsservices.swaggertestasset.TestNGTestSuite"/>
  <testcase name="executeRestfulTest" time="0.069" classname="com.ibmwatsonhealth.devopsservices.swaggertestasset.TestNGTestSuite"/>
  <testcase name="executeRestfulTest" time="0.072" classname="com.ibmwatsonhealth.devopsservices.swaggertestasset.TestNGTestSuite"/>
  <testcase name="executeRestfulTest" time="1.558" classname="com.ibmwatsonhealth.devopsservices.swaggertestasset.TestNGTestSuite"/>
  <testcase name="executeRestfulTest" time="0.000" classname="com.ibmwatsonhealth.devopsservices.swaggertestasset.TestNGTestSuite"/>
  <testcase name="executeRestfulTest" time="0.001" classname="com.ibmwatsonhealth.devopsservices.swaggertestasset.TestNGTestSuite"/>
  <testcase name="executeRestfulTest" time="0.000" classname="com.ibmwatsonhealth.devopsservices.swaggertestasset.TestNGTestSuite"/>
  <testcase name="executeRestfulTest" time="0.080" classname="com.ibmwatsonhealth.devopsservices.swaggertestasset.TestNGTestSuite"/>
  <testcase name="executeRestfulTest" time="0.000" classname="com.ibmwatsonhealth.devopsservices.swaggertestasset.TestNGTestSuite"/>
  <testcase name="executeRestfulTest" time="0.000" classname="com.ibmwatsonhealth.devopsservices.swaggertestasset.TestNGTestSuite"/>
  <testcase name="executeRestfulTest" time="0.060" classname="com.ibmwatsonhealth.devopsservices.swaggertestasset.TestNGTestSuite"/>
  <testcase name="executeRestfulTest" time="0.000" classname="com.ibmwatsonhealth.devopsservices.swaggertestasset.TestNGTestSuite"/>
  <testcase name="executeRestfulTest" time="0.067" classname="com.ibmwatsonhealth.devopsservices.swaggertestasset.TestNGTestSuite"/>
  <testcase name="executeRestfulTest" time="0.000" classname="com.ibmwatsonhealth.devopsservices.swaggertestasset.TestNGTestSuite"/>
  <testcase name="executeRestfulTest" time="0.000" classname="com.ibmwatsonhealth.devopsservices.swaggertestasset.TestNGTestSuite"/>
  <testcase name="executeRestfulTest" time="0.000" classname="com.ibmwatsonhealth.devopsservices.swaggertestasset.TestNGTestSuite"/>
  <testcase name="executeRestfulTest" time="0.053" classname="com.ibmwatsonhealth.devopsservices.swaggertestasset.TestNGTestSuite"/>
  <testcase name="executeRestfulTest" time="0.067" classname="com.ibmwatsonhealth.devopsservices.swaggertestasset.TestNGTestSuite"/>
  <testcase name="executeRestfulTest" time="0.000" classname="com.ibmwatsonhealth.devopsservices.swaggertestasset.TestNGTestSuite"/>
  <testcase name="executeRestfulTest" time="0.000" classname="com.ibmwatsonhealth.devopsservices.swaggertestasset.TestNGTestSuite"/>
  <testcase name="executeRestfulTest" time="0.000" classname="com.ibmwatsonhealth.devopsservices.swaggertestasset.TestNGTestSuite"/>
  <testcase name="executeRestfulTest" time="0.000" classname="com.ibmwatsonhealth.devopsservices.swaggertestasset.TestNGTestSuite"/>
  <testcase name="executeRestfulTest" time="0.000" classname="com.ibmwatsonhealth.devopsservices.swaggertestasset.TestNGTestSuite"/>
  <testcase name="executeRestfulTest" time="0.000" classname="com.ibmwatsonhealth.devopsservices.swaggertestasset.TestNGTestSuite"/>
  <testcase name="executeRestfulTest" time="0.001" classname="com.ibmwatsonhealth.devopsservices.swaggertestasset.TestNGTestSuite"/>
  <testcase name="executeRestfulTest" time="0.000" classname="com.ibmwatsonhealth.devopsservices.swaggertestasset.TestNGTestSuite"/>
</testsuite> <!-- com.ibmwatsonhealth.devopsservices.swaggertestasset.TestNGTestSuite -->
